<?xml version="1.0" encoding="UTF-8"?>
<!-- Generated by org.testng.reporters.JUnitReportReporter -->
<testsuite hostname="DESKTOP-8O3E63R" failures="0" tests="1" name="com.AutomationPractice.AdactHome" time="0.929" errors="0" timestamp="2025-09-18T12:25:23 IST" skipped="0">
  <testcase classname="com.AutomationPractice.AdactHome" name="test" time="0.929"/>
</testsuite> <!-- com.AutomationPractice.AdactHome -->
