<?xml version="1.0" encoding="UTF-8"?>
<!-- Generated by org.testng.reporters.JUnitReportReporter -->
<testsuite hostname="DESKTOP-8O3E63R" failures="0" tests="2" name="com.AutomationPractice.Automation" time="0.009" errors="0" timestamp="2025-08-07T12:44:17 IST" skipped="0">
  <testcase classname="com.AutomationPractice.Automation" name="beta" time="0.007"/>
  <testcase classname="com.AutomationPractice.Automation" name="gamma" time="0.002"/>
</testsuite> <!-- com.AutomationPractice.Automation -->
