<?xml version="1.0" encoding="UTF-8"?>
<!-- Generated by org.testng.reporters.JUnitReportReporter -->
<testsuite hostname="DESKTOP-8O3E63R" failures="0" tests="1" name="com.AutomationPractice.AutomationHome" time="22.901" errors="0" timestamp="2025-08-08T11:50:03 IST" skipped="0">
  <testcase classname="com.AutomationPractice.AutomationHome" name="login" time="22.901"/>
</testsuite> <!-- com.AutomationPractice.AutomationHome -->
