<?xml version="1.0" encoding="UTF-8"?>
<!-- Generated by org.testng.reporters.JUnitReportReporter -->
<testsuite hostname="DESKTOP-8O3E63R" failures="0" tests="2" name="com.AutomationPractice.ExtentReportExample" time="0.014" errors="0" timestamp="2025-08-14T17:18:02 IST" skipped="0">
  <testcase classname="com.AutomationPractice.ExtentReportExample" name="failTest" time="0.012"/>
  <testcase classname="com.AutomationPractice.ExtentReportExample" name="passTest" time="0.002"/>
</testsuite> <!-- com.AutomationPractice.ExtentReportExample -->
