<?xml version="1.0" encoding="UTF-8"?>
<!-- Generated by org.testng.reporters.JUnitReportReporter -->
<testsuite hostname="DESKTOP-8O3E63R" failures="0" tests="2" name="com.AutomationPractice.ThreadPool" time="4.764" errors="0" timestamp="2025-08-12T11:49:51 IST" skipped="0">
  <testcase classname="com.AutomationPractice.ThreadPool" name="arithmetic" time="0.012"/>
  <testcase classname="com.AutomationPractice.ThreadPool" name="parallelExecutionExample" time="4.752"/>
</testsuite> <!-- com.AutomationPractice.ThreadPool -->
