<?xml version="1.0" encoding="UTF-8"?>
<!-- Generated by org.testng.reporters.JUnitReportReporter -->
<testsuite hostname="DESKTOP-8O3E63R" failures="0" tests="2" name="com.AutomationPractice.FBLogin" time="9.302" errors="0" timestamp="2025-08-22T11:10:41 IST" skipped="0">
  <testcase classname="com.AutomationPractice.FBLogin" name="logIn" time="3.956"/>
  <testcase classname="com.AutomationPractice.FBLogin" name="logIn" time="5.346"/>
</testsuite> <!-- com.AutomationPractice.FBLogin -->
