<?xml version="1.0" encoding="UTF-8"?>
<!-- Generated by org.testng.reporters.JUnitReportReporter -->
<testsuite hostname="DESKTOP-8O3E63R" failures="0" tests="1" name="com.AutomationPractice.StatementPrint" time="0.029" errors="0" timestamp="2025-08-11T12:45:32 IST" skipped="0">
  <testcase classname="com.AutomationPractice.StatementPrint" name="stmnt" time="0.029"/>
</testsuite> <!-- com.AutomationPractice.StatementPrint -->
