<?xml version="1.0" encoding="UTF-8"?>
<!-- Generated by org.testng.reporters.JUnitReportReporter -->
<testsuite hostname="DESKTOP-8O3E63R" failures="0" tests="4" name="com.AutomationPractice.OrangeLogin" time="17.772" errors="0" timestamp="2025-08-22T12:01:02 IST" skipped="0">
  <testcase classname="com.AutomationPractice.OrangeLogin" name="log" time="5.920"/>
  <testcase classname="com.AutomationPractice.OrangeLogin" name="fb" time="2.745"/>
  <testcase classname="com.AutomationPractice.OrangeLogin" name="log" time="5.953"/>
  <testcase classname="com.AutomationPractice.OrangeLogin" name="fb" time="3.154"/>
</testsuite> <!-- com.AutomationPractice.OrangeLogin -->
