<?xml version="1.0" encoding="UTF-8"?>
<!-- Generated by org.testng.reporters.JUnitReportReporter -->
<testsuite hostname="DESKTOP-8O3E63R" failures="0" tests="1" name="com.AutomationPractice.LoginValidate" time="5.413" errors="0" timestamp="2025-08-27T12:48:46 IST" skipped="0">
  <testcase classname="com.AutomationPractice.LoginValidate" name="login" time="5.413"/>
</testsuite> <!-- com.AutomationPractice.LoginValidate -->
