<?xml version="1.0" encoding="UTF-8"?>
<!-- Generated by org.testng.reporters.JUnitReportReporter -->
<testsuite hostname="DESKTOP-8O3E63R" failures="0" tests="5" name="com.AutomationPractice.TestngGroups" time="0.023" errors="0" timestamp="2025-08-13T13:58:10 IST" skipped="0">
  <testcase classname="com.AutomationPractice.TestngGroups" name="Product" time="0.015"/>
  <testcase classname="com.AutomationPractice.TestngGroups" name="SignOut" time="0.002"/>
  <testcase classname="com.AutomationPractice.TestngGroups" name="SignUp" time="0.003"/>
  <testcase classname="com.AutomationPractice.TestngGroups" name="log" time="0.001"/>
  <testcase classname="com.AutomationPractice.TestngGroups" name="cart" time="0.002"/>
</testsuite> <!-- com.AutomationPractice.TestngGroups -->
