<?xml version="1.0" encoding="UTF-8"?>
<!-- Generated by org.testng.reporters.JUnitReportReporter -->
<testsuite hostname="DESKTOP-8O3E63R" failures="0" tests="2" name="com.AutomationPractice.ReportsSample" time="10.842" errors="0" timestamp="2025-08-14T17:55:26 IST" skipped="0">
  <testcase classname="com.AutomationPractice.ReportsSample" name="FailDown" time="0.018"/>
  <testcase classname="com.AutomationPractice.ReportsSample" name="passUp" time="10.824"/>
</testsuite> <!-- com.AutomationPractice.ReportsSample -->
